        -:    0:Source:/usr/include/c++/4.8/bits/stl_algo.h
        -:    0:Graph:Voting.gcno
        -:    0:Data:Voting.gcda
        -:    0:Runs:1
        -:    0:Programs:1
        -:    1:// Algorithm implementation -*- C++ -*-
        -:    2:
        -:    3:// Copyright (C) 2001-2013 Free Software Foundation, Inc.
        -:    4://
        -:    5:// This file is part of the GNU ISO C++ Library.  This library is free
        -:    6:// software; you can redistribute it and/or modify it under the
        -:    7:// terms of the GNU General Public License as published by the
        -:    8:// Free Software Foundation; either version 3, or (at your option)
        -:    9:// any later version.
        -:   10:
        -:   11:// This library is distributed in the hope that it will be useful,
        -:   12:// but WITHOUT ANY WARRANTY; without even the implied warranty of
        -:   13:// MERCHANTABILITY or FITNESS FOR A PARTICULAR PURPOSE.  See the
        -:   14:// GNU General Public License for more details.
        -:   15:
        -:   16:// Under Section 7 of GPL version 3, you are granted additional
        -:   17:// permissions described in the GCC Runtime Library Exception, version
        -:   18:// 3.1, as published by the Free Software Foundation.
        -:   19:
        -:   20:// You should have received a copy of the GNU General Public License and
        -:   21:// a copy of the GCC Runtime Library Exception along with this program;
        -:   22:// see the files COPYING3 and COPYING.RUNTIME respectively.  If not, see
        -:   23:// <http://www.gnu.org/licenses/>.
        -:   24:
        -:   25:/*
        -:   26: *
        -:   27: * Copyright (c) 1994
        -:   28: * Hewlett-Packard Company
        -:   29: *
        -:   30: * Permission to use, copy, modify, distribute and sell this software
        -:   31: * and its documentation for any purpose is hereby granted without fee,
        -:   32: * provided that the above copyright notice appear in all copies and
        -:   33: * that both that copyright notice and this permission notice appear
        -:   34: * in supporting documentation.  Hewlett-Packard Company makes no
        -:   35: * representations about the suitability of this software for any
        -:   36: * purpose.  It is provided "as is" without express or implied warranty.
        -:   37: *
        -:   38: *
        -:   39: * Copyright (c) 1996
        -:   40: * Silicon Graphics Computer Systems, Inc.
        -:   41: *
        -:   42: * Permission to use, copy, modify, distribute and sell this software
        -:   43: * and its documentation for any purpose is hereby granted without fee,
        -:   44: * provided that the above copyright notice appear in all copies and
        -:   45: * that both that copyright notice and this permission notice appear
        -:   46: * in supporting documentation.  Silicon Graphics makes no
        -:   47: * representations about the suitability of this software for any
        -:   48: * purpose.  It is provided "as is" without express or implied warranty.
        -:   49: */
        -:   50:
        -:   51:/** @file bits/stl_algo.h
        -:   52: *  This is an internal header file, included by other library headers.
        -:   53: *  Do not attempt to use it directly. @headername{algorithm}
        -:   54: */
        -:   55:
        -:   56:#ifndef _STL_ALGO_H
        -:   57:#define _STL_ALGO_H 1
        -:   58:
        -:   59:#include <cstdlib>             // for rand
        -:   60:#include <bits/algorithmfwd.h>
        -:   61:#include <bits/stl_heap.h>
        -:   62:#include <bits/stl_tempbuf.h>  // for _Temporary_buffer
        -:   63:
        -:   64:#if __cplusplus >= 201103L
        -:   65:#include <random>     // for std::uniform_int_distribution
        -:   66:#include <functional> // for std::bind
        -:   67:#endif
        -:   68:
        -:   69:// See concept_check.h for the __glibcxx_*_requires macros.
        -:   70:
        -:   71:namespace std _GLIBCXX_VISIBILITY(default)
        -:   72:{
        -:   73:_GLIBCXX_BEGIN_NAMESPACE_VERSION
        -:   74:
        -:   75:  /// Swaps the median value of *__a, *__b and *__c to *__result
        -:   76:  template<typename _Iterator>
        -:   77:    void
        -:   78:    __move_median_to_first(_Iterator __result, _Iterator __a,
        -:   79:			   _Iterator __b, _Iterator __c)
        -:   80:    {
        -:   81:      // concept requirements
        -:   82:      __glibcxx_function_requires(_LessThanComparableConcept<
        -:   83:	    typename iterator_traits<_Iterator>::value_type>)
        -:   84:
        -:   85:      if (*__a < *__b)
        -:   86:	{
        -:   87:	  if (*__b < *__c)
        -:   88:	    std::iter_swap(__result, __b);
        -:   89:	  else if (*__a < *__c)
        -:   90:	    std::iter_swap(__result, __c);
        -:   91:	  else
        -:   92:	    std::iter_swap(__result, __a);
        -:   93:	}
        -:   94:      else if (*__a < *__c)
        -:   95:      	std::iter_swap(__result, __a);
        -:   96:      else if (*__b < *__c)
        -:   97:	std::iter_swap(__result, __c);
        -:   98:      else
        -:   99:	std::iter_swap(__result, __b);
        -:  100:    }
        -:  101:
        -:  102:  /// Swaps the median value of *__a, *__b and *__c under __comp to *__result
        -:  103:  template<typename _Iterator, typename _Compare>
        -:  104:    void
        -:  105:    __move_median_to_first(_Iterator __result, _Iterator __a,
        -:  106:			   _Iterator __b, _Iterator __c,
        -:  107:			   _Compare __comp)
        -:  108:    {
        -:  109:      // concept requirements
        -:  110:      __glibcxx_function_requires(_BinaryFunctionConcept<_Compare, bool,
        -:  111:	    typename iterator_traits<_Iterator>::value_type,
        -:  112:	    typename iterator_traits<_Iterator>::value_type>)
        -:  113:
        -:  114:      if (__comp(*__a, *__b))
        -:  115:	{
        -:  116:	  if (__comp(*__b, *__c))
        -:  117:	    std::iter_swap(__result, __b);
        -:  118:	  else if (__comp(*__a, *__c))
        -:  119:	    std::iter_swap(__result, __c);
        -:  120:	  else
        -:  121:	    std::iter_swap(__result, __a);
        -:  122:	}
        -:  123:      else if (__comp(*__a, *__c))
        -:  124:	std::iter_swap(__result, __a);
        -:  125:      else if (__comp(*__b, *__c))
        -:  126:	std::iter_swap(__result, __c);
        -:  127:      else
        -:  128:	std::iter_swap(__result, __b);
        -:  129:    }
        -:  130:
        -:  131:  // for_each
        -:  132:
        -:  133:  /// This is an overload used by find() for the Input Iterator case.
        -:  134:  template<typename _InputIterator, typename _Tp>
        -:  135:    inline _InputIterator
        -:  136:    __find(_InputIterator __first, _InputIterator __last,
        -:  137:	   const _Tp& __val, input_iterator_tag)
        -:  138:    {
        -:  139:      while (__first != __last && !(*__first == __val))
        -:  140:	++__first;
        -:  141:      return __first;
        -:  142:    }
        -:  143:
        -:  144:  /// This is an overload used by find_if() for the Input Iterator case.
        -:  145:  template<typename _InputIterator, typename _Predicate>
        -:  146:    inline _InputIterator
        -:  147:    __find_if(_InputIterator __first, _InputIterator __last,
        -:  148:	      _Predicate __pred, input_iterator_tag)
        -:  149:    {
        -:  150:      while (__first != __last && !bool(__pred(*__first)))
        -:  151:	++__first;
        -:  152:      return __first;
        -:  153:    }
        -:  154:
        -:  155:  /// This is an overload used by find() for the RAI case.
        -:  156:  template<typename _RandomAccessIterator, typename _Tp>
        -:  157:    _RandomAccessIterator
function _ZSt6__findIN9__gnu_cxx17__normal_iteratorIPiSt6vectorIiSaIiEEEEiET_S7_S7_RKT0_St26random_access_iterator_tag called 0 returned 0% blocks executed 0%
    #####:  158:    __find(_RandomAccessIterator __first, _RandomAccessIterator __last,
        -:  159:	   const _Tp& __val, random_access_iterator_tag)
        -:  160:    {
        -:  161:      typename iterator_traits<_RandomAccessIterator>::difference_type
    #####:  162:	__trip_count = (__last - __first) >> 2;
call    0 never executed
        -:  163:
    #####:  164:      for (; __trip_count > 0; --__trip_count)
branch  0 never executed
branch  1 never executed
        -:  165:	{
    #####:  166:	  if (*__first == __val)
call    0 never executed
branch  1 never executed
branch  2 never executed
    #####:  167:	    return __first;
    #####:  168:	  ++__first;
call    0 never executed
        -:  169:
    #####:  170:	  if (*__first == __val)
call    0 never executed
branch  1 never executed
branch  2 never executed
    #####:  171:	    return __first;
    #####:  172:	  ++__first;
call    0 never executed
        -:  173:
    #####:  174:	  if (*__first == __val)
call    0 never executed
branch  1 never executed
branch  2 never executed
    #####:  175:	    return __first;
    #####:  176:	  ++__first;
call    0 never executed
        -:  177:
    #####:  178:	  if (*__first == __val)
call    0 never executed
branch  1 never executed
branch  2 never executed
    #####:  179:	    return __first;
    #####:  180:	  ++__first;
call    0 never executed
        -:  181:	}
        -:  182:
    #####:  183:      switch (__last - __first)
call    0 never executed
branch  1 never executed
branch  2 never executed
branch  3 never executed
branch  4 never executed
        -:  184:	{
        -:  185:	case 3:
    #####:  186:	  if (*__first == __val)
call    0 never executed
branch  1 never executed
branch  2 never executed
    #####:  187:	    return __first;
    #####:  188:	  ++__first;
call    0 never executed
        -:  189:	case 2:
    #####:  190:	  if (*__first == __val)
call    0 never executed
branch  1 never executed
branch  2 never executed
    #####:  191:	    return __first;
    #####:  192:	  ++__first;
call    0 never executed
        -:  193:	case 1:
    #####:  194:	  if (*__first == __val)
call    0 never executed
branch  1 never executed
branch  2 never executed
    #####:  195:	    return __first;
    #####:  196:	  ++__first;
call    0 never executed
        -:  197:	case 0:
        -:  198:	default:
    #####:  199:	  return __last;
        -:  200:	}
        -:  201:    }
        -:  202:
        -:  203:  /// This is an overload used by find_if() for the RAI case.
        -:  204:  template<typename _RandomAccessIterator, typename _Predicate>
        -:  205:    _RandomAccessIterator
        -:  206:    __find_if(_RandomAccessIterator __first, _RandomAccessIterator __last,
        -:  207:	      _Predicate __pred, random_access_iterator_tag)
        -:  208:    {
        -:  209:      typename iterator_traits<_RandomAccessIterator>::difference_type
        -:  210:	__trip_count = (__last - __first) >> 2;
        -:  211:
        -:  212:      for (; __trip_count > 0; --__trip_count)
        -:  213:	{
        -:  214:	  if (__pred(*__first))
        -:  215:	    return __first;
        -:  216:	  ++__first;
        -:  217:
        -:  218:	  if (__pred(*__first))
        -:  219:	    return __first;
        -:  220:	  ++__first;
        -:  221:
        -:  222:	  if (__pred(*__first))
        -:  223:	    return __first;
        -:  224:	  ++__first;
        -:  225:
        -:  226:	  if (__pred(*__first))
        -:  227:	    return __first;
        -:  228:	  ++__first;
        -:  229:	}
        -:  230:
        -:  231:      switch (__last - __first)
        -:  232:	{
        -:  233:	case 3:
        -:  234:	  if (__pred(*__first))
        -:  235:	    return __first;
        -:  236:	  ++__first;
        -:  237:	case 2:
        -:  238:	  if (__pred(*__first))
        -:  239:	    return __first;
        -:  240:	  ++__first;
        -:  241:	case 1:
        -:  242:	  if (__pred(*__first))
        -:  243:	    return __first;
        -:  244:	  ++__first;
        -:  245:	case 0:
        -:  246:	default:
        -:  247:	  return __last;
        -:  248:	}
        -:  249:    }
        -:  250:
        -:  251:  /// This is an overload used by find_if_not() for the Input Iterator case.
        -:  252:  template<typename _InputIterator, typename _Predicate>
        -:  253:    inline _InputIterator
        -:  254:    __find_if_not(_InputIterator __first, _InputIterator __last,
        -:  255:		  _Predicate __pred, input_iterator_tag)
        -:  256:    {
        -:  257:      while (__first != __last && bool(__pred(*__first)))
        -:  258:	++__first;
        -:  259:      return __first;
        -:  260:    }
        -:  261:
        -:  262:  /// This is an overload used by find_if_not() for the RAI case.
        -:  263:  template<typename _RandomAccessIterator, typename _Predicate>
        -:  264:    _RandomAccessIterator
        -:  265:    __find_if_not(_RandomAccessIterator __first, _RandomAccessIterator __last,
        -:  266:		  _Predicate __pred, random_access_iterator_tag)
        -:  267:    {
        -:  268:      typename iterator_traits<_RandomAccessIterator>::difference_type
        -:  269:	__trip_count = (__last - __first) >> 2;
        -:  270:
        -:  271:      for (; __trip_count > 0; --__trip_count)
        -:  272:	{
        -:  273:	  if (!bool(__pred(*__first)))
        -:  274:	    return __first;
        -:  275:	  ++__first;
        -:  276:
        -:  277:	  if (!bool(__pred(*__first)))
        -:  278:	    return __first;
        -:  279:	  ++__first;
        -:  280:
        -:  281:	  if (!bool(__pred(*__first)))
        -:  282:	    return __first;
        -:  283:	  ++__first;
        -:  284:
        -:  285:	  if (!bool(__pred(*__first)))
        -:  286:	    return __first;
        -:  287:	  ++__first;
        -:  288:	}
        -:  289:
        -:  290:      switch (__last - __first)
        -:  291:	{
        -:  292:	case 3:
        -:  293:	  if (!bool(__pred(*__first)))
        -:  294:	    return __first;
        -:  295:	  ++__first;
        -:  296:	case 2:
        -:  297:	  if (!bool(__pred(*__first)))
        -:  298:	    return __first;
        -:  299:	  ++__first;
        -:  300:	case 1:
        -:  301:	  if (!bool(__pred(*__first)))
        -:  302:	    return __first;
        -:  303:	  ++__first;
        -:  304:	case 0:
        -:  305:	default:
        -:  306:	  return __last;
        -:  307:	}
        -:  308:    }
        -:  309:
        -:  310:  /// Provided for stable_partition to use.
        -:  311:  template<typename _InputIterator, typename _Predicate>
        -:  312:    inline _InputIterator
        -:  313:    __find_if_not(_InputIterator __first, _InputIterator __last,
        -:  314:		  _Predicate __pred)
        -:  315:    {
        -:  316:      return std::__find_if_not(__first, __last, __pred,
        -:  317:				std::__iterator_category(__first));
        -:  318:    }
        -:  319:
        -:  320:  /// Like find_if_not(), but uses and updates a count of the
        -:  321:  /// remaining range length instead of comparing against an end
        -:  322:  /// iterator.
        -:  323:  template<typename _InputIterator, typename _Predicate, typename _Distance>
        -:  324:    _InputIterator
        -:  325:    __find_if_not_n(_InputIterator __first, _Distance& __len, _Predicate __pred)
        -:  326:    {
        -:  327:      for (; __len; --__len, ++__first)
        -:  328:	if (!bool(__pred(*__first)))
        -:  329:	  break;
        -:  330:      return __first;
        -:  331:    }
        -:  332:
        -:  333:  // set_difference
        -:  334:  // set_intersection
        -:  335:  // set_symmetric_difference
        -:  336:  // set_union
        -:  337:  // for_each
        -:  338:  // find
        -:  339:  // find_if
        -:  340:  // find_first_of
        -:  341:  // adjacent_find
        -:  342:  // count
        -:  343:  // count_if
        -:  344:  // search
        -:  345:
        -:  346:  /**
        -:  347:   *  This is an uglified
        -:  348:   *  search_n(_ForwardIterator, _ForwardIterator, _Integer, const _Tp&)
        -:  349:   *  overloaded for forward iterators.
        -:  350:  */
        -:  351:  template<typename _ForwardIterator, typename _Integer, typename _Tp>
        -:  352:    _ForwardIterator
        -:  353:    __search_n(_ForwardIterator __first, _ForwardIterator __last,
        -:  354:	       _Integer __count, const _Tp& __val,
        -:  355:	       std::forward_iterator_tag)
        -:  356:    {
        -:  357:      __first = _GLIBCXX_STD_A::find(__first, __last, __val);
        -:  358:      while (__first != __last)
        -:  359:	{
        -:  360:	  typename iterator_traits<_ForwardIterator>::difference_type
        -:  361:	    __n = __count;
        -:  362:	  _ForwardIterator __i = __first;
        -:  363:	  ++__i;
        -:  364:	  while (__i != __last && __n != 1 && *__i == __val)
        -:  365:	    {
        -:  366:	      ++__i;
        -:  367:	      --__n;
        -:  368:	    }
        -:  369:	  if (__n == 1)
        -:  370:	    return __first;
        -:  371:	  if (__i == __last)
        -:  372:	    return __last;
        -:  373:	  __first = _GLIBCXX_STD_A::find(++__i, __last, __val);
        -:  374:	}
        -:  375:      return __last;
        -:  376:    }
        -:  377:
        -:  378:  /**
        -:  379:   *  This is an uglified
        -:  380:   *  search_n(_ForwardIterator, _ForwardIterator, _Integer, const _Tp&)
        -:  381:   *  overloaded for random access iterators.
        -:  382:  */
        -:  383:  template<typename _RandomAccessIter, typename _Integer, typename _Tp>
        -:  384:    _RandomAccessIter
        -:  385:    __search_n(_RandomAccessIter __first, _RandomAccessIter __last,
        -:  386:	       _Integer __count, const _Tp& __val, 
        -:  387:	       std::random_access_iterator_tag)
        -:  388:    {
        -:  389:      
        -:  390:      typedef typename std::iterator_traits<_RandomAccessIter>::difference_type
        -:  391:	_DistanceType;
        -:  392:
        -:  393:      _DistanceType __tailSize = __last - __first;
        -:  394:      _DistanceType __remainder = __count;
        -:  395:
        -:  396:      while (__remainder <= __tailSize) // the main loop...
        -:  397:	{
        -:  398:	  __first += __remainder;
        -:  399:	  __tailSize -= __remainder;
        -:  400:	  // __first here is always pointing to one past the last element of
        -:  401:	  // next possible match.
        -:  402:	  _RandomAccessIter __backTrack = __first; 
        -:  403:	  while (*--__backTrack == __val)
        -:  404:	    {
        -:  405:	      if (--__remainder == 0)
        -:  406:	        return (__first - __count); // Success
        -:  407:	    }
        -:  408:	  __remainder = __count + 1 - (__first - __backTrack);
        -:  409:	}
        -:  410:      return __last; // Failure
        -:  411:    }
        -:  412:
        -:  413:  // search_n
        -:  414:
        -:  415:  /**
        -:  416:   *  This is an uglified
        -:  417:   *  search_n(_ForwardIterator, _ForwardIterator, _Integer, const _Tp&,
        -:  418:   *	       _BinaryPredicate)
        -:  419:   *  overloaded for forward iterators.
        -:  420:  */
        -:  421:  template<typename _ForwardIterator, typename _Integer, typename _Tp,
        -:  422:           typename _BinaryPredicate>
        -:  423:    _ForwardIterator
        -:  424:    __search_n(_ForwardIterator __first, _ForwardIterator __last,
        -:  425:	       _Integer __count, const _Tp& __val,
        -:  426:	       _BinaryPredicate __binary_pred, std::forward_iterator_tag)
        -:  427:    {
        -:  428:      while (__first != __last && !bool(__binary_pred(*__first, __val)))
        -:  429:        ++__first;
        -:  430:
        -:  431:      while (__first != __last)
        -:  432:	{
        -:  433:	  typename iterator_traits<_ForwardIterator>::difference_type
        -:  434:	    __n = __count;
        -:  435:	  _ForwardIterator __i = __first;
        -:  436:	  ++__i;
        -:  437:	  while (__i != __last && __n != 1 && bool(__binary_pred(*__i, __val)))
        -:  438:	    {
        -:  439:	      ++__i;
        -:  440:	      --__n;
        -:  441:	    }
        -:  442:	  if (__n == 1)
        -:  443:	    return __first;
        -:  444:	  if (__i == __last)
        -:  445:	    return __last;
        -:  446:	  __first = ++__i;
        -:  447:	  while (__first != __last
        -:  448:		 && !bool(__binary_pred(*__first, __val)))
        -:  449:	    ++__first;
        -:  450:	}
        -:  451:      return __last;
        -:  452:    }
        -:  453:
        -:  454:  /**
        -:  455:   *  This is an uglified
        -:  456:   *  search_n(_ForwardIterator, _ForwardIterator, _Integer, const _Tp&,
        -:  457:   *	       _BinaryPredicate)
        -:  458:   *  overloaded for random access iterators.
        -:  459:  */
        -:  460:  template<typename _RandomAccessIter, typename _Integer, typename _Tp,
        -:  461:	   typename _BinaryPredicate>
        -:  462:    _RandomAccessIter
        -:  463:    __search_n(_RandomAccessIter __first, _RandomAccessIter __last,
        -:  464:	       _Integer __count, const _Tp& __val,
        -:  465:	       _BinaryPredicate __binary_pred, std::random_access_iterator_tag)
        -:  466:    {
        -:  467:      
        -:  468:      typedef typename std::iterator_traits<_RandomAccessIter>::difference_type
        -:  469:	_DistanceType;
        -:  470:
        -:  471:      _DistanceType __tailSize = __last - __first;
        -:  472:      _DistanceType __remainder = __count;
        -:  473:
        -:  474:      while (__remainder <= __tailSize) // the main loop...
        -:  475:	{
        -:  476:	  __first += __remainder;
        -:  477:	  __tailSize -= __remainder;
        -:  478:	  // __first here is always pointing to one past the last element of
        -:  479:	  // next possible match.
        -:  480:	  _RandomAccessIter __backTrack = __first; 
        -:  481:	  while (__binary_pred(*--__backTrack, __val))
        -:  482:	    {
        -:  483:	      if (--__remainder == 0)
        -:  484:	        return (__first - __count); // Success
        -:  485:	    }
        -:  486:	  __remainder = __count + 1 - (__first - __backTrack);
        -:  487:	}
        -:  488:      return __last; // Failure
        -:  489:    }
        -:  490:
        -:  491:  // find_end for forward iterators.
        -:  492:  template<typename _ForwardIterator1, typename _ForwardIterator2>
        -:  493:    _ForwardIterator1
        -:  494:    __find_end(_ForwardIterator1 __first1, _ForwardIterator1 __last1,
        -:  495:	       _ForwardIterator2 __first2, _ForwardIterator2 __last2,
        -:  496:	       forward_iterator_tag, forward_iterator_tag)
        -:  497:    {
        -:  498:      if (__first2 == __last2)
        -:  499:	return __last1;
        -:  500:      else
        -:  501:	{
        -:  502:	  _ForwardIterator1 __result = __last1;
        -:  503:	  while (1)
        -:  504:	    {
        -:  505:	      _ForwardIterator1 __new_result
        -:  506:		= _GLIBCXX_STD_A::search(__first1, __last1, __first2, __last2);
        -:  507:	      if (__new_result == __last1)
        -:  508:		return __result;
        -:  509:	      else
        -:  510:		{
        -:  511:		  __result = __new_result;
        -:  512:		  __first1 = __new_result;
        -:  513:		  ++__first1;
        -:  514:		}
        -:  515:	    }
        -:  516:	}
        -:  517:    }
        -:  518:
        -:  519:  template<typename _ForwardIterator1, typename _ForwardIterator2,
        -:  520:	   typename _BinaryPredicate>
        -:  521:    _ForwardIterator1
        -:  522:    __find_end(_ForwardIterator1 __first1, _ForwardIterator1 __last1,
        -:  523:	       _ForwardIterator2 __first2, _ForwardIterator2 __last2,
        -:  524:	       forward_iterator_tag, forward_iterator_tag,
        -:  525:	       _BinaryPredicate __comp)
        -:  526:    {
        -:  527:      if (__first2 == __last2)
        -:  528:	return __last1;
        -:  529:      else
        -:  530:	{
        -:  531:	  _ForwardIterator1 __result = __last1;
        -:  532:	  while (1)
        -:  533:	    {
        -:  534:	      _ForwardIterator1 __new_result
        -:  535:		= _GLIBCXX_STD_A::search(__first1, __last1, __first2,
        -:  536:					 __last2, __comp);
        -:  537:	      if (__new_result == __last1)
        -:  538:		return __result;
        -:  539:	      else
        -:  540:		{
        -:  541:		  __result = __new_result;
        -:  542:		  __first1 = __new_result;
        -:  543:		  ++__first1;
        -:  544:		}
        -:  545:	    }
        -:  546:	}
        -:  547:    }
        -:  548:
        -:  549:  // find_end for bidirectional iterators (much faster).
        -:  550:  template<typename _BidirectionalIterator1, typename _BidirectionalIterator2>
        -:  551:    _BidirectionalIterator1
        -:  552:    __find_end(_BidirectionalIterator1 __first1,
        -:  553:	       _BidirectionalIterator1 __last1,
        -:  554:	       _BidirectionalIterator2 __first2,
        -:  555:	       _BidirectionalIterator2 __last2,
        -:  556:	       bidirectional_iterator_tag, bidirectional_iterator_tag)
        -:  557:    {
        -:  558:      // concept requirements
        -:  559:      __glibcxx_function_requires(_BidirectionalIteratorConcept<
        -:  560:				  _BidirectionalIterator1>)
        -:  561:      __glibcxx_function_requires(_BidirectionalIteratorConcept<
        -:  562:				  _BidirectionalIterator2>)
        -:  563:
        -:  564:      typedef reverse_iterator<_BidirectionalIterator1> _RevIterator1;
        -:  565:      typedef reverse_iterator<_BidirectionalIterator2> _RevIterator2;
        -:  566:
        -:  567:      _RevIterator1 __rlast1(__first1);
        -:  568:      _RevIterator2 __rlast2(__first2);
        -:  569:      _RevIterator1 __rresult = _GLIBCXX_STD_A::search(_RevIterator1(__last1),
        -:  570:						       __rlast1,
        -:  571:						       _RevIterator2(__last2),
        -:  572:						       __rlast2);
        -:  573:
        -:  574:      if (__rresult == __rlast1)
        -:  575:	return __last1;
        -:  576:      else
        -:  577:	{
        -:  578:	  _BidirectionalIterator1 __result = __rresult.base();
        -:  579:	  std::advance(__result, -std::distance(__first2, __last2));
        -:  580:	  return __result;
        -:  581:	}
        -:  582:    }
        -:  583:
        -:  584:  template<typename _BidirectionalIterator1, typename _BidirectionalIterator2,
        -:  585:	   typename _BinaryPredicate>
        -:  586:    _BidirectionalIterator1
        -:  587:    __find_end(_BidirectionalIterator1 __first1,
        -:  588:	       _BidirectionalIterator1 __last1,
        -:  589:	       _BidirectionalIterator2 __first2,
        -:  590:	       _BidirectionalIterator2 __last2,
        -:  591:	       bidirectional_iterator_tag, bidirectional_iterator_tag,
        -:  592:	       _BinaryPredicate __comp)
        -:  593:    {
        -:  594:      // concept requirements
        -:  595:      __glibcxx_function_requires(_BidirectionalIteratorConcept<
        -:  596:				  _BidirectionalIterator1>)
        -:  597:      __glibcxx_function_requires(_BidirectionalIteratorConcept<
        -:  598:				  _BidirectionalIterator2>)
        -:  599:
        -:  600:      typedef reverse_iterator<_BidirectionalIterator1> _RevIterator1;
        -:  601:      typedef reverse_iterator<_BidirectionalIterator2> _RevIterator2;
        -:  602:
        -:  603:      _RevIterator1 __rlast1(__first1);
        -:  604:      _RevIterator2 __rlast2(__first2);
        -:  605:      _RevIterator1 __rresult = std::search(_RevIterator1(__last1), __rlast1,
        -:  606:					    _RevIterator2(__last2), __rlast2,
        -:  607:					    __comp);
        -:  608:
        -:  609:      if (__rresult == __rlast1)
        -:  610:	return __last1;
        -:  611:      else
        -:  612:	{
        -:  613:	  _BidirectionalIterator1 __result = __rresult.base();
        -:  614:	  std::advance(__result, -std::distance(__first2, __last2));
        -:  615:	  return __result;
        -:  616:	}
        -:  617:    }
        -:  618:
        -:  619:  /**
        -:  620:   *  @brief  Find last matching subsequence in a sequence.
        -:  621:   *  @ingroup non_mutating_algorithms
        -:  622:   *  @param  __first1  Start of range to search.
        -:  623:   *  @param  __last1   End of range to search.
        -:  624:   *  @param  __first2  Start of sequence to match.
        -:  625:   *  @param  __last2   End of sequence to match.
        -:  626:   *  @return   The last iterator @c i in the range
        -:  627:   *  @p [__first1,__last1-(__last2-__first2)) such that @c *(i+N) ==
        -:  628:   *  @p *(__first2+N) for each @c N in the range @p
        -:  629:   *  [0,__last2-__first2), or @p __last1 if no such iterator exists.
        -:  630:   *
        -:  631:   *  Searches the range @p [__first1,__last1) for a sub-sequence that
        -:  632:   *  compares equal value-by-value with the sequence given by @p
        -:  633:   *  [__first2,__last2) and returns an iterator to the __first
        -:  634:   *  element of the sub-sequence, or @p __last1 if the sub-sequence
        -:  635:   *  is not found.  The sub-sequence will be the last such
        -:  636:   *  subsequence contained in [__first,__last1).
        -:  637:   *
        -:  638:   *  Because the sub-sequence must lie completely within the range @p
        -:  639:   *  [__first1,__last1) it must start at a position less than @p
        -:  640:   *  __last1-(__last2-__first2) where @p __last2-__first2 is the
        -:  641:   *  length of the sub-sequence.  This means that the returned
        -:  642:   *  iterator @c i will be in the range @p
        -:  643:   *  [__first1,__last1-(__last2-__first2))
        -:  644:  */
        -:  645:  template<typename _ForwardIterator1, typename _ForwardIterator2>
        -:  646:    inline _ForwardIterator1
        -:  647:    find_end(_ForwardIterator1 __first1, _ForwardIterator1 __last1,
        -:  648:	     _ForwardIterator2 __first2, _ForwardIterator2 __last2)
        -:  649:    {
        -:  650:      // concept requirements
        -:  651:      __glibcxx_function_requires(_ForwardIteratorConcept<_ForwardIterator1>)
        -:  652:      __glibcxx_function_requires(_ForwardIteratorConcept<_ForwardIterator2>)
        -:  653:      __glibcxx_function_requires(_EqualOpConcept<
        -:  654:	    typename iterator_traits<_ForwardIterator1>::value_type,
        -:  655:	    typename iterator_traits<_ForwardIterator2>::value_type>)
        -:  656:      __glibcxx_requires_valid_range(__first1, __last1);
        -:  657:      __glibcxx_requires_valid_range(__first2, __last2);
        -:  658:
        -:  659:      return std::__find_end(__first1, __last1, __first2, __last2,
        -:  660:			     std::__iterator_category(__first1),
        -:  661:			     std::__iterator_category(__first2));
        -:  662:    }
        -:  663:
        -:  664:  /**
        -:  665:   *  @brief  Find last matching subsequence in a sequence using a predicate.
        -:  666:   *  @ingroup non_mutating_algorithms
        -:  667:   *  @param  __first1  Start of range to search.
        -:  668:   *  @param  __last1   End of range to search.
        -:  669:   *  @param  __first2  Start of sequence to match.
        -:  670:   *  @param  __last2   End of sequence to match.
        -:  671:   *  @param  __comp    The predicate to use.
        -:  672:   *  @return The last iterator @c i in the range @p
        -:  673:   *  [__first1,__last1-(__last2-__first2)) such that @c
        -:  674:   *  predicate(*(i+N), @p (__first2+N)) is true for each @c N in the
        -:  675:   *  range @p [0,__last2-__first2), or @p __last1 if no such iterator
        -:  676:   *  exists.
        -:  677:   *
        -:  678:   *  Searches the range @p [__first1,__last1) for a sub-sequence that
        -:  679:   *  compares equal value-by-value with the sequence given by @p
        -:  680:   *  [__first2,__last2) using comp as a predicate and returns an
        -:  681:   *  iterator to the first element of the sub-sequence, or @p __last1
        -:  682:   *  if the sub-sequence is not found.  The sub-sequence will be the
        -:  683:   *  last such subsequence contained in [__first,__last1).
        -:  684:   *
        -:  685:   *  Because the sub-sequence must lie completely within the range @p
        -:  686:   *  [__first1,__last1) it must start at a position less than @p
        -:  687:   *  __last1-(__last2-__first2) where @p __last2-__first2 is the
        -:  688:   *  length of the sub-sequence.  This means that the returned
        -:  689:   *  iterator @c i will be in the range @p
        -:  690:   *  [__first1,__last1-(__last2-__first2))
        -:  691:  */
        -:  692:  template<typename _ForwardIterator1, typename _ForwardIterator2,
        -:  693:	   typename _BinaryPredicate>
        -:  694:    inline _ForwardIterator1
        -:  695:    find_end(_ForwardIterator1 __first1, _ForwardIterator1 __last1,
        -:  696:	     _ForwardIterator2 __first2, _ForwardIterator2 __last2,
        -:  697:	     _BinaryPredicate __comp)
        -:  698:    {
        -:  699:      // concept requirements
        -:  700:      __glibcxx_function_requires(_ForwardIteratorConcept<_ForwardIterator1>)
        -:  701:      __glibcxx_function_requires(_ForwardIteratorConcept<_ForwardIterator2>)
        -:  702:      __glibcxx_function_requires(_BinaryPredicateConcept<_BinaryPredicate,
        -:  703:	    typename iterator_traits<_ForwardIterator1>::value_type,
        -:  704:	    typename iterator_traits<_ForwardIterator2>::value_type>)
        -:  705:      __glibcxx_requires_valid_range(__first1, __last1);
        -:  706:      __glibcxx_requires_valid_range(__first2, __last2);
        -:  707:
        -:  708:      return std::__find_end(__first1, __last1, __first2, __last2,
        -:  709:			     std::__iterator_category(__first1),
        -:  710:			     std::__iterator_category(__first2),
        -:  711:			     __comp);
        -:  712:    }
        -:  713:
        -:  714:#if __cplusplus >= 201103L
        -:  715:  /**
        -:  716:   *  @brief  Checks that a predicate is true for all the elements
        -:  717:   *          of a sequence.
        -:  718:   *  @ingroup non_mutating_algorithms
        -:  719:   *  @param  __first   An input iterator.
        -:  720:   *  @param  __last    An input iterator.
        -:  721:   *  @param  __pred    A predicate.
        -:  722:   *  @return  True if the check is true, false otherwise.
        -:  723:   *
        -:  724:   *  Returns true if @p __pred is true for each element in the range
        -:  725:   *  @p [__first,__last), and false otherwise.
        -:  726:  */
        -:  727:  template<typename _InputIterator, typename _Predicate>
        -:  728:    inline bool
        -:  729:    all_of(_InputIterator __first, _InputIterator __last, _Predicate __pred)
        -:  730:    { return __last == std::find_if_not(__first, __last, __pred); }
        -:  731:
        -:  732:  /**
        -:  733:   *  @brief  Checks that a predicate is false for all the elements
        -:  734:   *          of a sequence.
        -:  735:   *  @ingroup non_mutating_algorithms
        -:  736:   *  @param  __first   An input iterator.
        -:  737:   *  @param  __last    An input iterator.
        -:  738:   *  @param  __pred    A predicate.
        -:  739:   *  @return  True if the check is true, false otherwise.
        -:  740:   *
        -:  741:   *  Returns true if @p __pred is false for each element in the range
        -:  742:   *  @p [__first,__last), and false otherwise.
        -:  743:  */
        -:  744:  template<typename _InputIterator, typename _Predicate>
        -:  745:    inline bool
        -:  746:    none_of(_InputIterator __first, _InputIterator __last, _Predicate __pred)
        -:  747:    { return __last == _GLIBCXX_STD_A::find_if(__first, __last, __pred); }
        -:  748:
        -:  749:  /**
        -:  750:   *  @brief  Checks that a predicate is false for at least an element
        -:  751:   *          of a sequence.
        -:  752:   *  @ingroup non_mutating_algorithms
        -:  753:   *  @param  __first   An input iterator.
        -:  754:   *  @param  __last    An input iterator.
        -:  755:   *  @param  __pred    A predicate.
        -:  756:   *  @return  True if the check is true, false otherwise.
        -:  757:   *
        -:  758:   *  Returns true if an element exists in the range @p
        -:  759:   *  [__first,__last) such that @p __pred is true, and false
        -:  760:   *  otherwise.
        -:  761:  */
        -:  762:  template<typename _InputIterator, typename _Predicate>
        -:  763:    inline bool
        -:  764:    any_of(_InputIterator __first, _InputIterator __last, _Predicate __pred)
        -:  765:    { return !std::none_of(__first, __last, __pred); }
        -:  766:
        -:  767:  /**
        -:  768:   *  @brief  Find the first element in a sequence for which a
        -:  769:   *          predicate is false.
        -:  770:   *  @ingroup non_mutating_algorithms
        -:  771:   *  @param  __first  An input iterator.
        -:  772:   *  @param  __last   An input iterator.
        -:  773:   *  @param  __pred   A predicate.
        -:  774:   *  @return   The first iterator @c i in the range @p [__first,__last)
        -:  775:   *  such that @p __pred(*i) is false, or @p __last if no such iterator exists.
        -:  776:  */
        -:  777:  template<typename _InputIterator, typename _Predicate>
        -:  778:    inline _InputIterator
        -:  779:    find_if_not(_InputIterator __first, _InputIterator __last,
        -:  780:		_Predicate __pred)
        -:  781:    {
        -:  782:      // concept requirements
        -:  783:      __glibcxx_function_requires(_InputIteratorConcept<_InputIterator>)
        -:  784:      __glibcxx_function_requires(_UnaryPredicateConcept<_Predicate,
        -:  785:	      typename iterator_traits<_InputIterator>::value_type>)
        -:  786:      __glibcxx_requires_valid_range(__first, __last);
        -:  787:      return std::__find_if_not(__first, __last, __pred);
        -:  788:    }
        -:  789:
        -:  790:  /**
        -:  791:   *  @brief  Checks whether the sequence is partitioned.
        -:  792:   *  @ingroup mutating_algorithms
        -:  793:   *  @param  __first  An input iterator.
        -:  794:   *  @param  __last   An input iterator.
        -:  795:   *  @param  __pred   A predicate.
        -:  796:   *  @return  True if the range @p [__first,__last) is partioned by @p __pred,
        -:  797:   *  i.e. if all elements that satisfy @p __pred appear before those that
        -:  798:   *  do not.
        -:  799:  */
        -:  800:  template<typename _InputIterator, typename _Predicate>
        -:  801:    inline bool
        -:  802:    is_partitioned(_InputIterator __first, _InputIterator __last,
        -:  803:		   _Predicate __pred)
        -:  804:    {
        -:  805:      __first = std::find_if_not(__first, __last, __pred);
        -:  806:      return std::none_of(__first, __last, __pred);
        -:  807:    }
        -:  808:
        -:  809:  /**
        -:  810:   *  @brief  Find the partition point of a partitioned range.
        -:  811:   *  @ingroup mutating_algorithms
        -:  812:   *  @param  __first   An iterator.
        -:  813:   *  @param  __last    Another iterator.
        -:  814:   *  @param  __pred    A predicate.
        -:  815:   *  @return  An iterator @p mid such that @p all_of(__first, mid, __pred)
        -:  816:   *           and @p none_of(mid, __last, __pred) are both true.
        -:  817:  */
        -:  818:  template<typename _ForwardIterator, typename _Predicate>
        -:  819:    _ForwardIterator
        -:  820:    partition_point(_ForwardIterator __first, _ForwardIterator __last,
        -:  821:		    _Predicate __pred)
        -:  822:    {
        -:  823:      // concept requirements
        -:  824:      __glibcxx_function_requires(_ForwardIteratorConcept<_ForwardIterator>)
        -:  825:      __glibcxx_function_requires(_UnaryPredicateConcept<_Predicate,
        -:  826:	      typename iterator_traits<_ForwardIterator>::value_type>)
        -:  827:
        -:  828:      // A specific debug-mode test will be necessary...
        -:  829:      __glibcxx_requires_valid_range(__first, __last);
        -:  830:
        -:  831:      typedef typename iterator_traits<_ForwardIterator>::difference_type
        -:  832:	_DistanceType;
        -:  833:
        -:  834:      _DistanceType __len = std::distance(__first, __last);
        -:  835:      _DistanceType __half;
        -:  836:      _ForwardIterator __middle;
        -:  837:
        -:  838:      while (__len > 0)
        -:  839:	{
        -:  840:	  __half = __len >> 1;
        -:  841:	  __middle = __first;
        -:  842:	  std::advance(__middle, __half);
        -:  843:	  if (__pred(*__middle))
        -:  844:	    {
        -:  845:	      __first = __middle;
        -:  846:	      ++__first;
        -:  847:	      __len = __len - __half - 1;
        -:  848:	    }
        -:  849:	  else
        -:  850:	    __len = __half;
        -:  851:	}
        -:  852:      return __first;
        -:  853:    }
        -:  854:#endif
        -:  855:
        -:  856:
        -:  857:  /**
        -:  858:   *  @brief Copy a sequence, removing elements of a given value.
        -:  859:   *  @ingroup mutating_algorithms
        -:  860:   *  @param  __first   An input iterator.
        -:  861:   *  @param  __last    An input iterator.
        -:  862:   *  @param  __result  An output iterator.
        -:  863:   *  @param  __value   The value to be removed.
        -:  864:   *  @return   An iterator designating the end of the resulting sequence.
        -:  865:   *
        -:  866:   *  Copies each element in the range @p [__first,__last) not equal
        -:  867:   *  to @p __value to the range beginning at @p __result.
        -:  868:   *  remove_copy() is stable, so the relative order of elements that
        -:  869:   *  are copied is unchanged.
        -:  870:  */
        -:  871:  template<typename _InputIterator, typename _OutputIterator, typename _Tp>
        -:  872:    _OutputIterator
        -:  873:    remove_copy(_InputIterator __first, _InputIterator __last,
        -:  874:		_OutputIterator __result, const _Tp& __value)
        -:  875:    {
        -:  876:      // concept requirements
        -:  877:      __glibcxx_function_requires(_InputIteratorConcept<_InputIterator>)
        -:  878:      __glibcxx_function_requires(_OutputIteratorConcept<_OutputIterator,
        -:  879:	    typename iterator_traits<_InputIterator>::value_type>)
        -:  880:      __glibcxx_function_requires(_EqualOpConcept<
        -:  881:	    typename iterator_traits<_InputIterator>::value_type, _Tp>)
        -:  882:      __glibcxx_requires_valid_range(__first, __last);
        -:  883:
        -:  884:      for (; __first != __last; ++__first)
        -:  885:	if (!(*__first == __value))
        -:  886:	  {
        -:  887:	    *__result = *__first;
        -:  888:	    ++__result;
        -:  889:	  }
        -:  890:      return __result;
        -:  891:    }
        -:  892:
        -:  893:  /**
        -:  894:   *  @brief Copy a sequence, removing elements for which a predicate is true.
        -:  895:   *  @ingroup mutating_algorithms
        -:  896:   *  @param  __first   An input iterator.
        -:  897:   *  @param  __last    An input iterator.
        -:  898:   *  @param  __result  An output iterator.
        -:  899:   *  @param  __pred    A predicate.
        -:  900:   *  @return   An iterator designating the end of the resulting sequence.
        -:  901:   *
        -:  902:   *  Copies each element in the range @p [__first,__last) for which
        -:  903:   *  @p __pred returns false to the range beginning at @p __result.
        -:  904:   *
        -:  905:   *  remove_copy_if() is stable, so the relative order of elements that are
        -:  906:   *  copied is unchanged.
        -:  907:  */
        -:  908:  template<typename _InputIterator, typename _OutputIterator,
        -:  909:	   typename _Predicate>
        -:  910:    _OutputIterator
        -:  911:    remove_copy_if(_InputIterator __first, _InputIterator __last,
        -:  912:		   _OutputIterator __result, _Predicate __pred)
        -:  913:    {
        -:  914:      // concept requirements
        -:  915:      __glibcxx_function_requires(_InputIteratorConcept<_InputIterator>)
        -:  916:      __glibcxx_function_requires(_OutputIteratorConcept<_OutputIterator,
        -:  917:	    typename iterator_traits<_InputIterator>::value_type>)
        -:  918:      __glibcxx_function_requires(_UnaryPredicateConcept<_Predicate,
        -:  919:	    typename iterator_traits<_InputIterator>::value_type>)
        -:  920:      __glibcxx_requires_valid_range(__first, __last);
        -:  921:
        -:  922:      for (; __first != __last; ++__first)
        -:  923:	if (!bool(__pred(*__first)))
        -:  924:	  {
        -:  925:	    *__result = *__first;
        -:  926:	    ++__result;
        -:  927:	  }
        -:  928:      return __result;
        -:  929:    }
        -:  930:
        -:  931:#if __cplusplus >= 201103L
        -:  932:  /**
        -:  933:   *  @brief Copy the elements of a sequence for which a predicate is true.
        -:  934:   *  @ingroup mutating_algorithms
        -:  935:   *  @param  __first   An input iterator.
        -:  936:   *  @param  __last    An input iterator.
        -:  937:   *  @param  __result  An output iterator.
        -:  938:   *  @param  __pred    A predicate.
        -:  939:   *  @return   An iterator designating the end of the resulting sequence.
        -:  940:   *
        -:  941:   *  Copies each element in the range @p [__first,__last) for which
        -:  942:   *  @p __pred returns true to the range beginning at @p __result.
        -:  943:   *
        -:  944:   *  copy_if() is stable, so the relative order of elements that are
        -:  945:   *  copied is unchanged.
        -:  946:  */
        -:  947:  template<typename _InputIterator, typename _OutputIterator,
        -:  948:	   typename _Predicate>
        -:  949:    _OutputIterator
        -:  950:    copy_if(_InputIterator __first, _InputIterator __last,
        -:  951:	    _OutputIterator __result, _Predicate __pred)
        -:  952:    {
        -:  953:      // concept requirements
        -:  954:      __glibcxx_function_requires(_InputIteratorConcept<_InputIterator>)
        -:  955:      __glibcxx_function_requires(_OutputIteratorConcept<_OutputIterator,
        -:  956:	    typename iterator_traits<_InputIterator>::value_type>)
        -:  957:      __glibcxx_function_requires(_UnaryPredicateConcept<_Predicate,
        -:  958:	    typename iterator_traits<_InputIterator>::value_type>)
        -:  959:      __glibcxx_requires_valid_range(__first, __last);
        -:  960:
        -:  961:      for (; __first != __last; ++__first)
        -:  962:	if (__pred(*__first))
        -:  963:	  {
        -:  964:	    *__result = *__first;
        -:  965:	    ++__result;
        -:  966:	  }
        -:  967:      return __result;
        -:  968:    }
        -:  969:
        -:  970:
        -:  971:  template<typename _InputIterator, typename _Size, typename _OutputIterator>
        -:  972:    _OutputIterator
        -:  973:    __copy_n(_InputIterator __first, _Size __n,
        -:  974:	     _OutputIterator __result, input_iterator_tag)
        -:  975:    {
        -:  976:      if (__n > 0)
        -:  977:	{
        -:  978:	  while (true)
        -:  979:	    {
        -:  980:	      *__result = *__first;
        -:  981:	      ++__result;
        -:  982:	      if (--__n > 0)
        -:  983:		++__first;
        -:  984:	      else
        -:  985:		break;
        -:  986:	    }
        -:  987:	}
        -:  988:      return __result;
        -:  989:    }
        -:  990:
        -:  991:  template<typename _RandomAccessIterator, typename _Size,
        -:  992:	   typename _OutputIterator>
        -:  993:    inline _OutputIterator
        -:  994:    __copy_n(_RandomAccessIterator __first, _Size __n,
        -:  995:	     _OutputIterator __result, random_access_iterator_tag)
        -:  996:    { return std::copy(__first, __first + __n, __result); }
        -:  997:
        -:  998:  /**
        -:  999:   *  @brief Copies the range [first,first+n) into [result,result+n).
        -: 1000:   *  @ingroup mutating_algorithms
        -: 1001:   *  @param  __first  An input iterator.
        -: 1002:   *  @param  __n      The number of elements to copy.
        -: 1003:   *  @param  __result An output iterator.
        -: 1004:   *  @return  result+n.
        -: 1005:   *
        -: 1006:   *  This inline function will boil down to a call to @c memmove whenever
        -: 1007:   *  possible.  Failing that, if random access iterators are passed, then the
        -: 1008:   *  loop count will be known (and therefore a candidate for compiler
        -: 1009:   *  optimizations such as unrolling).
        -: 1010:  */
        -: 1011:  template<typename _InputIterator, typename _Size, typename _OutputIterator>
        -: 1012:    inline _OutputIterator
        -: 1013:    copy_n(_InputIterator __first, _Size __n, _OutputIterator __result)
        -: 1014:    {
        -: 1015:      // concept requirements
        -: 1016:      __glibcxx_function_requires(_InputIteratorConcept<_InputIterator>)
        -: 1017:      __glibcxx_function_requires(_OutputIteratorConcept<_OutputIterator,
        -: 1018:	    typename iterator_traits<_InputIterator>::value_type>)
        -: 1019:
        -: 1020:      return std::__copy_n(__first, __n, __result,
        -: 1021:			   std::__iterator_category(__first));
        -: 1022:    }
        -: 1023:
        -: 1024:  /**
        -: 1025:   *  @brief Copy the elements of a sequence to separate output sequences
        -: 1026:   *         depending on the truth value of a predicate.
        -: 1027:   *  @ingroup mutating_algorithms
        -: 1028:   *  @param  __first   An input iterator.
        -: 1029:   *  @param  __last    An input iterator.
        -: 1030:   *  @param  __out_true   An output iterator.
        -: 1031:   *  @param  __out_false  An output iterator.
        -: 1032:   *  @param  __pred    A predicate.
        -: 1033:   *  @return   A pair designating the ends of the resulting sequences.
        -: 1034:   *
        -: 1035:   *  Copies each element in the range @p [__first,__last) for which
        -: 1036:   *  @p __pred returns true to the range beginning at @p out_true
        -: 1037:   *  and each element for which @p __pred returns false to @p __out_false.
        -: 1038:  */
        -: 1039:  template<typename _InputIterator, typename _OutputIterator1,
        -: 1040:	   typename _OutputIterator2, typename _Predicate>
        -: 1041:    pair<_OutputIterator1, _OutputIterator2>
        -: 1042:    partition_copy(_InputIterator __first, _InputIterator __last,
        -: 1043:		   _OutputIterator1 __out_true, _OutputIterator2 __out_false,
        -: 1044:		   _Predicate __pred)
        -: 1045:    {
        -: 1046:      // concept requirements
        -: 1047:      __glibcxx_function_requires(_InputIteratorConcept<_InputIterator>)
        -: 1048:      __glibcxx_function_requires(_OutputIteratorConcept<_OutputIterator1,
        -: 1049:	    typename iterator_traits<_InputIterator>::value_type>)
        -: 1050:      __glibcxx_function_requires(_OutputIteratorConcept<_OutputIterator2,
        -: 1051:	    typename iterator_traits<_InputIterator>::value_type>)
        -: 1052:      __glibcxx_function_requires(_UnaryPredicateConcept<_Predicate,
        -: 1053:	    typename iterator_traits<_InputIterator>::value_type>)
        -: 1054:      __glibcxx_requires_valid_range(__first, __last);
        -: 1055:      
        -: 1056:      for (; __first != __last; ++__first)
        -: 1057:	if (__pred(*__first))
        -: 1058:	  {
        -: 1059:	    *__out_true = *__first;
        -: 1060:	    ++__out_true;
        -: 1061:	  }
        -: 1062:	else
        -: 1063:	  {
        -: 1064:	    *__out_false = *__first;
        -: 1065:	    ++__out_false;
        -: 1066:	  }
        -: 1067:
        -: 1068:      return pair<_OutputIterator1, _OutputIterator2>(__out_true, __out_false);
        -: 1069:    }
        -: 1070:#endif
        -: 1071:
        -: 1072:  /**
        -: 1073:   *  @brief Remove elements from a sequence.
        -: 1074:   *  @ingroup mutating_algorithms
        -: 1075:   *  @param  __first  An input iterator.
        -: 1076:   *  @param  __last   An input iterator.
        -: 1077:   *  @param  __value  The value to be removed.
        -: 1078:   *  @return   An iterator designating the end of the resulting sequence.
        -: 1079:   *
        -: 1080:   *  All elements equal to @p __value are removed from the range
        -: 1081:   *  @p [__first,__last).
        -: 1082:   *
        -: 1083:   *  remove() is stable, so the relative order of elements that are
        -: 1084:   *  not removed is unchanged.
        -: 1085:   *
        -: 1086:   *  Elements between the end of the resulting sequence and @p __last
        -: 1087:   *  are still present, but their value is unspecified.
        -: 1088:  */
        -: 1089:  template<typename _ForwardIterator, typename _Tp>
        -: 1090:    _ForwardIterator
        -: 1091:    remove(_ForwardIterator __first, _ForwardIterator __last,
        -: 1092:	   const _Tp& __value)
        -: 1093:    {
        -: 1094:      // concept requirements
        -: 1095:      __glibcxx_function_requires(_Mutable_ForwardIteratorConcept<
        -: 1096:				  _ForwardIterator>)
        -: 1097:      __glibcxx_function_requires(_EqualOpConcept<
        -: 1098:	    typename iterator_traits<_ForwardIterator>::value_type, _Tp>)
        -: 1099:      __glibcxx_requires_valid_range(__first, __last);
        -: 1100:
        -: 1101:      __first = _GLIBCXX_STD_A::find(__first, __last, __value);
        -: 1102:      if(__first == __last)
        -: 1103:        return __first;
        -: 1104:      _ForwardIterator __result = __first;
        -: 1105:      ++__first;
        -: 1106:      for(; __first != __last; ++__first)
        -: 1107:        if(!(*__first == __value))
        -: 1108:          {
        -: 1109:            *__result = _GLIBCXX_MOVE(*__first);
        -: 1110:            ++__result;
        -: 1111:          }
        -: 1112:      return __result;
        -: 1113:    }
        -: 1114:
        -: 1115:  /**
        -: 1116:   *  @brief Remove elements from a sequence using a predicate.
        -: 1117:   *  @ingroup mutating_algorithms
        -: 1118:   *  @param  __first  A forward iterator.
        -: 1119:   *  @param  __last   A forward iterator.
        -: 1120:   *  @param  __pred   A predicate.
        -: 1121:   *  @return   An iterator designating the end of the resulting sequence.
        -: 1122:   *
        -: 1123:   *  All elements for which @p __pred returns true are removed from the range
        -: 1124:   *  @p [__first,__last).
        -: 1125:   *
        -: 1126:   *  remove_if() is stable, so the relative order of elements that are
        -: 1127:   *  not removed is unchanged.
        -: 1128:   *
        -: 1129:   *  Elements between the end of the resulting sequence and @p __last
        -: 1130:   *  are still present, but their value is unspecified.
        -: 1131:  */
        -: 1132:  template<typename _ForwardIterator, typename _Predicate>
        -: 1133:    _ForwardIterator
        -: 1134:    remove_if(_ForwardIterator __first, _ForwardIterator __last,
        -: 1135:	      _Predicate __pred)
        -: 1136:    {
        -: 1137:      // concept requirements
        -: 1138:      __glibcxx_function_requires(_Mutable_ForwardIteratorConcept<
        -: 1139:				  _ForwardIterator>)
        -: 1140:      __glibcxx_function_requires(_UnaryPredicateConcept<_Predicate,
        -: 1141:	    typename iterator_traits<_ForwardIterator>::value_type>)
        -: 1142:      __glibcxx_requires_valid_range(__first, __last);
        -: 1143:
        -: 1144:      __first = _GLIBCXX_STD_A::find_if(__first, __last, __pred);
        -: 1145:      if(__first == __last)
        -: 1146:        return __first;
        -: 1147:      _ForwardIterator __result = __first;
        -: 1148:      ++__first;
        -: 1149:      for(; __first != __last; ++__first)
        -: 1150:        if(!bool(__pred(*__first)))
        -: 1151:          {
        -: 1152:            *__result = _GLIBCXX_MOVE(*__first);
        -: 1153:            ++__result;
        -: 1154:          }
        -: 1155:      return __result;
        -: 1156:    }
        -: 1157:
        -: 1158:  /**
        -: 1159:   *  @brief Remove consecutive duplicate values from a sequence.
        -: 1160:   *  @ingroup mutating_algorithms
        -: 1161:   *  @param  __first  A forward iterator.
        -: 1162:   *  @param  __last   A forward iterator.
        -: 1163:   *  @return  An iterator designating the end of the resulting sequence.
        -: 1164:   *
        -: 1165:   *  Removes all but the first element from each group of consecutive
        -: 1166:   *  values that compare equal.
        -: 1167:   *  unique() is stable, so the relative order of elements that are
        -: 1168:   *  not removed is unchanged.
        -: 1169:   *  Elements between the end of the resulting sequence and @p __last
        -: 1170:   *  are still present, but their value is unspecified.
        -: 1171:  */
        -: 1172:  template<typename _ForwardIterator>
        -: 1173:    _ForwardIterator
        -: 1174:    unique(_ForwardIterator __first, _ForwardIterator __last)
        -: 1175:    {
        -: 1176:      // concept requirements
        -: 1177:      __glibcxx_function_requires(_Mutable_ForwardIteratorConcept<
        -: 1178:				  _ForwardIterator>)
        -: 1179:      __glibcxx_function_requires(_EqualityComparableConcept<
        -: 1180:		     typename iterator_traits<_ForwardIterator>::value_type>)
        -: 1181:      __glibcxx_requires_valid_range(__first, __last);
        -: 1182:
        -: 1183:      // Skip the beginning, if already unique.
        -: 1184:      __first = _GLIBCXX_STD_A::adjacent_find(__first, __last);
        -: 1185:      if (__first == __last)
        -: 1186:	return __last;
        -: 1187:
        -: 1188:      // Do the real copy work.
        -: 1189:      _ForwardIterator __dest = __first;
        -: 1190:      ++__first;
        -: 1191:      while (++__first != __last)
        -: 1192:	if (!(*__dest == *__first))
        -: 1193:	  *++__dest = _GLIBCXX_MOVE(*__first);
        -: 1194:      return ++__dest;
        -: 1195:    }
        -: 1196:
        -: 1197:  /**
        -: 1198:   *  @brief Remove consecutive values from a sequence using a predicate.
        -: 1199:   *  @ingroup mutating_algorithms
        -: 1200:   *  @param  __first        A forward iterator.
        -: 1201:   *  @param  __last         A forward iterator.
        -: 1202:   *  @param  __binary_pred  A binary predicate.
        -: 1203:   *  @return  An iterator designating the end of the resulting sequence.
        -: 1204:   *
        -: 1205:   *  Removes all but the first element from each group of consecutive
        -: 1206:   *  values for which @p __binary_pred returns true.
        -: 1207:   *  unique() is stable, so the relative order of elements that are
        -: 1208:   *  not removed is unchanged.
        -: 1209:   *  Elements between the end of the resulting sequence and @p __last
        -: 1210:   *  are still present, but their value is unspecified.
        -: 1211:  */
        -: 1212:  template<typename _ForwardIterator, typename _BinaryPredicate>
        -: 1213:    _ForwardIterator
        -: 1214:    unique(_ForwardIterator __first, _ForwardIterator __last,
        -: 1215:           _BinaryPredicate __binary_pred)
        -: 1216:    {
        -: 1217:      // concept requirements
        -: 1218:      __glibcxx_function_requires(_Mutable_ForwardIteratorConcept<
        -: 1219:				  _ForwardIterator>)
        -: 1220:      __glibcxx_function_requires(_BinaryPredicateConcept<_BinaryPredicate,
        -: 1221:		typename iterator_traits<_ForwardIterator>::value_type,
        -: 1222:		typename iterator_traits<_ForwardIterator>::value_type>)
        -: 1223:      __glibcxx_requires_valid_range(__first, __last);
        -: 1224:
        -: 1225:      // Skip the beginning, if already unique.
        -: 1226:      __first = _GLIBCXX_STD_A::adjacent_find(__first, __last, __binary_pred);
        -: 1227:      if (__first == __last)
        -: 1228:	return __last;
        -: 1229:
        -: 1230:      // Do the real copy work.
        -: 1231:      _ForwardIterator __dest = __first;
        -: 1232:      ++__first;
        -: 1233:      while (++__first != __last)
        -: 1234:	if (!bool(__binary_pred(*__dest, *__first)))
        -: 1235:	  *++__dest = _GLIBCXX_MOVE(*__first);
        -: 1236:      return ++__dest;
        -: 1237:    }
        -: 1238:
        -: 1239:  /**
        -: 1240:   *  This is an uglified unique_copy(_InputIterator, _InputIterator,
        -: 1241:   *                                  _OutputIterator)
        -: 1242:   *  overloaded for forward iterators and output iterator as result.
        -: 1243:  */
        -: 1244:  template<typename _ForwardIterator, typename _OutputIterator>
        -: 1245:    _OutputIterator
        -: 1246:    __unique_copy(_ForwardIterator __first, _ForwardIterator __last,
        -: 1247:		  _OutputIterator __result,
        -: 1248:		  forward_iterator_tag, output_iterator_tag)
        -: 1249:    {
        -: 1250:      // concept requirements -- taken care of in dispatching function
        -: 1251:      _ForwardIterator __next = __first;
        -: 1252:      *__result = *__first;
        -: 1253:      while (++__next != __last)
        -: 1254:	if (!(*__first == *__next))
        -: 1255:	  {
        -: 1256:	    __first = __next;
        -: 1257:	    *++__result = *__first;
        -: 1258:	  }
        -: 1259:      return ++__result;
        -: 1260:    }
        -: 1261:
        -: 1262:  /**
        -: 1263:   *  This is an uglified unique_copy(_InputIterator, _InputIterator,
        -: 1264:   *                                  _OutputIterator)
        -: 1265:   *  overloaded for input iterators and output iterator as result.
        -: 1266:  */
        -: 1267:  template<typename _InputIterator, typename _OutputIterator>
        -: 1268:    _OutputIterator
        -: 1269:    __unique_copy(_InputIterator __first, _InputIterator __last,
        -: 1270:		  _OutputIterator __result,
        -: 1271:		  input_iterator_tag, output_iterator_tag)
        -: 1272:    {
        -: 1273:      // concept requirements -- taken care of in dispatching function
        -: 1274:      typename iterator_traits<_InputIterator>::value_type __value = *__first;
        -: 1275:      *__result = __value;
        -: 1276:      while (++__first != __last)
        -: 1277:	if (!(__value == *__first))
        -: 1278:	  {
        -: 1279:	    __value = *__first;
        -: 1280:	    *++__result = __value;
        -: 1281:	  }
        -: 1282:      return ++__result;
        -: 1283:    }
        -: 1284:
        -: 1285:  /**
        -: 1286:   *  This is an uglified unique_copy(_InputIterator, _InputIterator,
        -: 1287:   *                                  _OutputIterator)
        -: 1288:   *  overloaded for input iterators and forward iterator as result.
        -: 1289:  */
        -: 1290:  template<typename _InputIterator, typename _ForwardIterator>
        -: 1291:    _ForwardIterator
        -: 1292:    __unique_copy(_InputIterator __first, _InputIterator __last,
        -: 1293:		  _ForwardIterator __result,
        -: 1294:		  input_iterator_tag, forward_iterator_tag)
        -: 1295:    {
        -: 1296:      // concept requirements -- taken care of in dispatching function
        -: 1297:      *__result = *__first;
        -: 1298:      while (++__first != __last)
        -: 1299:	if (!(*__result == *__first))
        -: 1300:	  *++__result = *__first;
        -: 1301:      return ++__result;
        -: 1302:    }
        -: 1303:
        -: 1304:  /**
        -: 1305:   *  This is an uglified
        -: 1306:   *  unique_copy(_InputIterator, _InputIterator, _OutputIterator,
        -: 1307:   *              _BinaryPredicate)
        -: 1308:   *  overloaded for forward iterators and output iterator as result.
        -: 1309:  */
        -: 1310:  template<typename _ForwardIterator, typename _OutputIterator,
        -: 1311:	   typename _BinaryPredicate>
        -: 1312:    _OutputIterator
        -: 1313:    __unique_copy(_ForwardIterator __first, _ForwardIterator __last,
        -: 1314:		  _OutputIterator __result, _BinaryPredicate __binary_pred,
        -: 1315:		  forward_iterator_tag, output_iterator_tag)
        -: 1316:    {
        -: 1317:      // concept requirements -- iterators already checked
        -: 1318:      __glibcxx_function_requires(_BinaryPredicateConcept<_BinaryPredicate,
        -: 1319:	  typename iterator_traits<_ForwardIterator>::value_type,
        -: 1320:	  typename iterator_traits<_ForwardIterator>::value_type>)
        -: 1321:
        -: 1322:      _ForwardIterator __next = __first;
        -: 1323:      *__result = *__first;
        -: 1324:      while (++__next != __last)
        -: 1325:	if (!bool(__binary_pred(*__first, *__next)))
        -: 1326:	  {
        -: 1327:	    __first = __next;
        -: 1328:	    *++__result = *__first;
        -: 1329:	  }
        -: 1330:      return ++__result;
        -: 1331:    }
        -: 1332:
        -: 1333:  /**
        -: 1334:   *  This is an uglified
        -: 1335:   *  unique_copy(_InputIterator, _InputIterator, _OutputIterator,
        -: 1336:   *              _BinaryPredicate)
        -: 1337:   *  overloaded for input iterators and output iterator as result.
        -: 1338:  */
        -: 1339:  template<typename _InputIterator, typename _OutputIterator,
        -: 1340:	   typename _BinaryPredicate>
        -: 1341:    _OutputIterator
        -: 1342:    __unique_copy(_InputIterator __first, _InputIterator __last,
        -: 1343:		  _OutputIterator __result, _BinaryPredicate __binary_pred,
        -: 1344:		  input_iterator_tag, output_iterator_tag)
        -: 1345:    {
        -: 1346:      // concept requirements -- iterators already checked
        -: 1347:      __glibcxx_function_requires(_BinaryPredicateConcept<_BinaryPredicate,
        -: 1348:	  typename iterator_traits<_InputIterator>::value_type,
        -: 1349:	  typename iterator_traits<_InputIterator>::value_type>)
        -: 1350:
        -: 1351:      typename iterator_traits<_InputIterator>::value_type __value = *__first;
        -: 1352:      *__result = __value;
        -: 1353:      while (++__first != __last)
        -: 1354:	if (!bool(__binary_pred(__value, *__first)))
        -: 1355:	  {
        -: 1356:	    __value = *__first;
        -: 1357:	    *++__result = __value;
        -: 1358:	  }
        -: 1359:      return ++__result;
        -: 1360:    }
        -: 1361:
        -: 1362:  /**
        -: 1363:   *  This is an uglified
        -: 1364:   *  unique_copy(_InputIterator, _InputIterator, _OutputIterator,
        -: 1365:   *              _BinaryPredicate)
        -: 1366:   *  overloaded for input iterators and forward iterator as result.
        -: 1367:  */
        -: 1368:  template<typename _InputIterator, typename _ForwardIterator,
        -: 1369:	   typename _BinaryPredicate>
        -: 1370:    _ForwardIterator
        -: 1371:    __unique_copy(_InputIterator __first, _InputIterator __last,
        -: 1372:		  _ForwardIterator __result, _BinaryPredicate __binary_pred,
        -: 1373:		  input_iterator_tag, forward_iterator_tag)
        -: 1374:    {
        -: 1375:      // concept requirements -- iterators already checked
        -: 1376:      __glibcxx_function_requires(_BinaryPredicateConcept<_BinaryPredicate,
        -: 1377:	  typename iterator_traits<_ForwardIterator>::value_type,
        -: 1378:	  typename iterator_traits<_InputIterator>::value_type>)
        -: 1379:
        -: 1380:      *__result = *__first;
        -: 1381:      while (++__first != __last)
        -: 1382:	if (!bool(__binary_pred(*__result, *__first)))
        -: 1383:	  *++__result = *__first;
        -: 1384:      return ++__result;
        -: 1385:    }
        -: 1386:
        -: 1387:  /**
        -: 1388:   *  This is an uglified reverse(_BidirectionalIterator,
        -: 1389:   *                              _BidirectionalIterator)
        -: 1390:   *  overloaded for bidirectional iterators.
        -: 1391:  */
        -: 1392:  template<typename _BidirectionalIterator>
        -: 1393:    void
        -: 1394:    __reverse(_BidirectionalIterator __first, _BidirectionalIterator __last,
        -: 1395:	      bidirectional_iterator_tag)
        -: 1396:    {
        -: 1397:      while (true)
        -: 1398:	if (__first == __last || __first == --__last)
        -: 1399:	  return;
        -: 1400:	else
        -: 1401:	  {
        -: 1402:	    std::iter_swap(__first, __last);
        -: 1403:	    ++__first;
        -: 1404:	  }
        -: 1405:    }
        -: 1406:
        -: 1407:  /**
        -: 1408:   *  This is an uglified reverse(_BidirectionalIterator,
        -: 1409:   *                              _BidirectionalIterator)
        -: 1410:   *  overloaded for random access iterators.
        -: 1411:  */
        -: 1412:  template<typename _RandomAccessIterator>
        -: 1413:    void
        -: 1414:    __reverse(_RandomAccessIterator __first, _RandomAccessIterator __last,
        -: 1415:	      random_access_iterator_tag)
        -: 1416:    {
        -: 1417:      if (__first == __last)
        -: 1418:	return;
        -: 1419:      --__last;
        -: 1420:      while (__first < __last)
        -: 1421:	{
        -: 1422:	  std::iter_swap(__first, __last);
        -: 1423:	  ++__first;
        -: 1424:	  --__last;
        -: 1425:	}
        -: 1426:    }
        -: 1427:
        -: 1428:  /**
        -: 1429:   *  @brief Reverse a sequence.
        -: 1430:   *  @ingroup mutating_algorithms
        -: 1431:   *  @param  __first  A bidirectional iterator.
        -: 1432:   *  @param  __last   A bidirectional iterator.
        -: 1433:   *  @return   reverse() returns no value.
        -: 1434:   *
        -: 1435:   *  Reverses the order of the elements in the range @p [__first,__last),
        -: 1436:   *  so that the first element becomes the last etc.
        -: 1437:   *  For every @c i such that @p 0<=i<=(__last-__first)/2), @p reverse()
        -: 1438:   *  swaps @p *(__first+i) and @p *(__last-(i+1))
        -: 1439:  */
        -: 1440:  template<typename _BidirectionalIterator>
        -: 1441:    inline void
        -: 1442:    reverse(_BidirectionalIterator __first, _BidirectionalIterator __last)
        -: 1443:    {
        -: 1444:      // concept requirements
        -: 1445:      __glibcxx_function_requires(_Mutable_BidirectionalIteratorConcept<
        -: 1446:				  _BidirectionalIterator>)
        -: 1447:      __glibcxx_requires_valid_range(__first, __last);
        -: 1448:      std::__reverse(__first, __last, std::__iterator_category(__first));
        -: 1449:    }
        -: 1450:
        -: 1451:  /**
        -: 1452:   *  @brief Copy a sequence, reversing its elements.
        -: 1453:   *  @ingroup mutating_algorithms
        -: 1454:   *  @param  __first   A bidirectional iterator.
        -: 1455:   *  @param  __last    A bidirectional iterator.
        -: 1456:   *  @param  __result  An output iterator.
        -: 1457:   *  @return  An iterator designating the end of the resulting sequence.
        -: 1458:   *
        -: 1459:   *  Copies the elements in the range @p [__first,__last) to the
        -: 1460:   *  range @p [__result,__result+(__last-__first)) such that the
        -: 1461:   *  order of the elements is reversed.  For every @c i such that @p
        -: 1462:   *  0<=i<=(__last-__first), @p reverse_copy() performs the
        -: 1463:   *  assignment @p *(__result+(__last-__first)-1-i) = *(__first+i).
        -: 1464:   *  The ranges @p [__first,__last) and @p
        -: 1465:   *  [__result,__result+(__last-__first)) must not overlap.
        -: 1466:  */
        -: 1467:  template<typename _BidirectionalIterator, typename _OutputIterator>
        -: 1468:    _OutputIterator
        -: 1469:    reverse_copy(_BidirectionalIterator __first, _BidirectionalIterator __last,
        -: 1470:		 _OutputIterator __result)
        -: 1471:    {
        -: 1472:      // concept requirements
        -: 1473:      __glibcxx_function_requires(_BidirectionalIteratorConcept<
        -: 1474:				  _BidirectionalIterator>)
        -: 1475:      __glibcxx_function_requires(_OutputIteratorConcept<_OutputIterator,
        -: 1476:		typename iterator_traits<_BidirectionalIterator>::value_type>)
        -: 1477:      __glibcxx_requires_valid_range(__first, __last);
        -: 1478:
        -: 1479:      while (__first != __last)
        -: 1480:	{
        -: 1481:	  --__last;
        -: 1482:	  *__result = *__last;
        -: 1483:	  ++__result;
        -: 1484:	}
        -: 1485:      return __result;
        -: 1486:    }
        -: 1487:
        -: 1488:  /**
        -: 1489:   *  This is a helper function for the rotate algorithm specialized on RAIs.
        -: 1490:   *  It returns the greatest common divisor of two integer values.
        -: 1491:  */
        -: 1492:  template<typename _EuclideanRingElement>
        -: 1493:    _EuclideanRingElement
        -: 1494:    __gcd(_EuclideanRingElement __m, _EuclideanRingElement __n)
        -: 1495:    {
        -: 1496:      while (__n != 0)
        -: 1497:	{
        -: 1498:	  _EuclideanRingElement __t = __m % __n;
        -: 1499:	  __m = __n;
        -: 1500:	  __n = __t;
        -: 1501:	}
        -: 1502:      return __m;
        -: 1503:    }
        -: 1504:
        -: 1505:  /// This is a helper function for the rotate algorithm.
        -: 1506:  template<typename _ForwardIterator>
        -: 1507:    void
        -: 1508:    __rotate(_ForwardIterator __first,
        -: 1509:	     _ForwardIterator __middle,
        -: 1510:	     _ForwardIterator __last,
        -: 1511:	     forward_iterator_tag)
        -: 1512:    {
        -: 1513:      if (__first == __middle || __last  == __middle)
        -: 1514:	return;
        -: 1515:
        -: 1516:      _ForwardIterator __first2 = __middle;
        -: 1517:      do
        -: 1518:	{
        -: 1519:	  std::iter_swap(__first, __first2);
        -: 1520:	  ++__first;
        -: 1521:	  ++__first2;
        -: 1522:	  if (__first == __middle)
        -: 1523:	    __middle = __first2;
        -: 1524:	}
        -: 1525:      while (__first2 != __last);
        -: 1526:
        -: 1527:      __first2 = __middle;
        -: 1528:
        -: 1529:      while (__first2 != __last)
        -: 1530:	{
        -: 1531:	  std::iter_swap(__first, __first2);
        -: 1532:	  ++__first;
        -: 1533:	  ++__first2;
        -: 1534:	  if (__first == __middle)
        -: 1535:	    __middle = __first2;
        -: 1536:	  else if (__first2 == __last)
        -: 1537:	    __first2 = __middle;
        -: 1538:	}
        -: 1539:    }
        -: 1540:
        -: 1541:   /// This is a helper function for the rotate algorithm.
        -: 1542:  template<typename _BidirectionalIterator>
        -: 1543:    void
        -: 1544:    __rotate(_BidirectionalIterator __first,
        -: 1545:	     _BidirectionalIterator __middle,
        -: 1546:	     _BidirectionalIterator __last,
        -: 1547:	      bidirectional_iterator_tag)
        -: 1548:    {
        -: 1549:      // concept requirements
        -: 1550:      __glibcxx_function_requires(_Mutable_BidirectionalIteratorConcept<
        -: 1551:				  _BidirectionalIterator>)
        -: 1552:
        -: 1553:      if (__first == __middle || __last  == __middle)
        -: 1554:	return;
        -: 1555:
        -: 1556:      std::__reverse(__first,  __middle, bidirectional_iterator_tag());
        -: 1557:      std::__reverse(__middle, __last,   bidirectional_iterator_tag());
        -: 1558:
        -: 1559:      while (__first != __middle && __middle != __last)
        -: 1560:	{
        -: 1561:	  std::iter_swap(__first, --__last);
        -: 1562:	  ++__first;
        -: 1563:	}
        -: 1564:
        -: 1565:      if (__first == __middle)
        -: 1566:	std::__reverse(__middle, __last,   bidirectional_iterator_tag());
        -: 1567:      else
        -: 1568:	std::__reverse(__first,  __middle, bidirectional_iterator_tag());
        -: 1569:    }
        -: 1570:
        -: 1571:  /// This is a helper function for the rotate algorithm.
        -: 1572:  template<typename _RandomAccessIterator>
        -: 1573:    void
        -: 1574:    __rotate(_RandomAccessIterator __first,
        -: 1575:	     _RandomAccessIterator __middle,
        -: 1576:	     _RandomAccessIterator __last,
        -: 1577:	     random_access_iterator_tag)
        -: 1578:    {
        -: 1579:      // concept requirements
        -: 1580:      __glibcxx_function_requires(_Mutable_RandomAccessIteratorConcept<
        -: 1581:				  _RandomAccessIterator>)
        -: 1582:
        -: 1583:      if (__first == __middle || __last  == __middle)
        -: 1584:	return;
        -: 1585:
        -: 1586:      typedef typename iterator_traits<_RandomAccessIterator>::difference_type
        -: 1587:	_Distance;
        -: 1588:      typedef typename iterator_traits<_RandomAccessIterator>::value_type
        -: 1589:	_ValueType;
        -: 1590:
        -: 1591:      _Distance __n = __last   - __first;
        -: 1592:      _Distance __k = __middle - __first;
        -: 1593:
        -: 1594:      if (__k == __n - __k)
        -: 1595:	{
        -: 1596:	  std::swap_ranges(__first, __middle, __middle);
        -: 1597:	  return;
        -: 1598:	}
        -: 1599:
        -: 1600:      _RandomAccessIterator __p = __first;
        -: 1601:
        -: 1602:      for (;;)
        -: 1603:	{
        -: 1604:	  if (__k < __n - __k)
        -: 1605:	    {
        -: 1606:	      if (__is_pod(_ValueType) && __k == 1)
        -: 1607:		{
        -: 1608:		  _ValueType __t = _GLIBCXX_MOVE(*__p);
        -: 1609:		  _GLIBCXX_MOVE3(__p + 1, __p + __n, __p);
        -: 1610:		  *(__p + __n - 1) = _GLIBCXX_MOVE(__t);
        -: 1611:		  return;
        -: 1612:		}
[...]
        -: 5953:	else if (__comp(*__first2, *__first1))
        -: 5954:	  ++__first2;
        -: 5955:	else
        -: 5956:	  {
        -: 5957:	    *__result = *__first1;
        -: 5958:	    ++__first1;
        -: 5959:	    ++__first2;
        -: 5960:	    ++__result;
        -: 5961:	  }
        -: 5962:      return __result;
        -: 5963:    }
        -: 5964:
        -: 5965:  /**
        -: 5966:   *  @brief Return the difference of two sorted ranges.
        -: 5967:   *  @ingroup set_algorithms
        -: 5968:   *  @param  __first1  Start of first range.
        -: 5969:   *  @param  __last1   End of first range.
        -: 5970:   *  @param  __first2  Start of second range.
        -: 5971:   *  @param  __last2   End of second range.
        -: 5972:   *  @return  End of the output range.
        -: 5973:   *  @ingroup set_algorithms
        -: 5974:   *
        -: 5975:   *  This operation iterates over both ranges, copying elements present in
        -: 5976:   *  the first range but not the second in order to the output range.
        -: 5977:   *  Iterators increment for each range.  When the current element of the
        -: 5978:   *  first range is less than the second, that element is copied and the
        -: 5979:   *  iterator advances.  If the current element of the second range is less,
        -: 5980:   *  the iterator advances, but no element is copied.  If an element is
        -: 5981:   *  contained in both ranges, no elements are copied and both ranges
        -: 5982:   *  advance.  The output range may not overlap either input range.
        -: 5983:  */
        -: 5984:  template<typename _InputIterator1, typename _InputIterator2,
        -: 5985:	   typename _OutputIterator>
        -: 5986:    _OutputIterator
        -: 5987:    set_difference(_InputIterator1 __first1, _InputIterator1 __last1,
        -: 5988:		   _InputIterator2 __first2, _InputIterator2 __last2,
        -: 5989:		   _OutputIterator __result)
        -: 5990:    {
        -: 5991:      typedef typename iterator_traits<_InputIterator1>::value_type
        -: 5992:	_ValueType1;
        -: 5993:      typedef typename iterator_traits<_InputIterator2>::value_type
        -: 5994:	_ValueType2;
        -: 5995:
        -: 5996:      // concept requirements
        -: 5997:      __glibcxx_function_requires(_InputIteratorConcept<_InputIterator1>)
        -: 5998:      __glibcxx_function_requires(_InputIteratorConcept<_InputIterator2>)
        -: 5999:      __glibcxx_function_requires(_OutputIteratorConcept<_OutputIterator,
        -: 6000:				  _ValueType1>)
        -: 6001:      __glibcxx_function_requires(_LessThanOpConcept<_ValueType1, _ValueType2>)
        -: 6002:      __glibcxx_function_requires(_LessThanOpConcept<_ValueType2, _ValueType1>)	
        -: 6003:      __glibcxx_requires_sorted_set(__first1, __last1, __first2);
        -: 6004:      __glibcxx_requires_sorted_set(__first2, __last2, __first1);
        -: 6005:
        -: 6006:      while (__first1 != __last1 && __first2 != __last2)
        -: 6007:	if (*__first1 < *__first2)
        -: 6008:	  {
        -: 6009:	    *__result = *__first1;
        -: 6010:	    ++__first1;
        -: 6011:	    ++__result;
        -: 6012:	  }
        -: 6013:	else if (*__first2 < *__first1)
        -: 6014:	  ++__first2;
        -: 6015:	else
        -: 6016:	  {
        -: 6017:	    ++__first1;
        -: 6018:	    ++__first2;
        -: 6019:	  }
        -: 6020:      return std::copy(__first1, __last1, __result);
        -: 6021:    }
        -: 6022:
        -: 6023:  /**
        -: 6024:   *  @brief  Return the difference of two sorted ranges using comparison
        -: 6025:   *  functor.
        -: 6026:   *  @ingroup set_algorithms
        -: 6027:   *  @param  __first1  Start of first range.
        -: 6028:   *  @param  __last1   End of first range.
        -: 6029:   *  @param  __first2  Start of second range.
        -: 6030:   *  @param  __last2   End of second range.
        -: 6031:   *  @param  __comp    The comparison functor.
        -: 6032:   *  @return  End of the output range.
        -: 6033:   *  @ingroup set_algorithms
        -: 6034:   *
        -: 6035:   *  This operation iterates over both ranges, copying elements present in
        -: 6036:   *  the first range but not the second in order to the output range.
        -: 6037:   *  Iterators increment for each range.  When the current element of the
        -: 6038:   *  first range is less than the second according to @p __comp, that element
        -: 6039:   *  is copied and the iterator advances.  If the current element of the
        -: 6040:   *  second range is less, no element is copied and the iterator advances.
        -: 6041:   *  If an element is contained in both ranges according to @p __comp, no
        -: 6042:   *  elements are copied and both ranges advance.  The output range may not
        -: 6043:   *  overlap either input range.
        -: 6044:  */
        -: 6045:  template<typename _InputIterator1, typename _InputIterator2,
        -: 6046:	   typename _OutputIterator, typename _Compare>
        -: 6047:    _OutputIterator
        -: 6048:    set_difference(_InputIterator1 __first1, _InputIterator1 __last1,
        -: 6049:		   _InputIterator2 __first2, _InputIterator2 __last2,
        -: 6050:		   _OutputIterator __result, _Compare __comp)
        -: 6051:    {
        -: 6052:      typedef typename iterator_traits<_InputIterator1>::value_type
        -: 6053:	_ValueType1;
        -: 6054:      typedef typename iterator_traits<_InputIterator2>::value_type
        -: 6055:	_ValueType2;
        -: 6056:
        -: 6057:      // concept requirements
        -: 6058:      __glibcxx_function_requires(_InputIteratorConcept<_InputIterator1>)
        -: 6059:      __glibcxx_function_requires(_InputIteratorConcept<_InputIterator2>)
        -: 6060:      __glibcxx_function_requires(_OutputIteratorConcept<_OutputIterator,
        -: 6061:				  _ValueType1>)
        -: 6062:      __glibcxx_function_requires(_BinaryPredicateConcept<_Compare,
        -: 6063:				  _ValueType1, _ValueType2>)
        -: 6064:      __glibcxx_function_requires(_BinaryPredicateConcept<_Compare,
        -: 6065:				  _ValueType2, _ValueType1>)
        -: 6066:      __glibcxx_requires_sorted_set_pred(__first1, __last1, __first2, __comp);
        -: 6067:      __glibcxx_requires_sorted_set_pred(__first2, __last2, __first1, __comp);
        -: 6068:
        -: 6069:      while (__first1 != __last1 && __first2 != __last2)
        -: 6070:	if (__comp(*__first1, *__first2))
        -: 6071:	  {
        -: 6072:	    *__result = *__first1;
        -: 6073:	    ++__first1;
        -: 6074:	    ++__result;
        -: 6075:	  }
        -: 6076:	else if (__comp(*__first2, *__first1))
        -: 6077:	  ++__first2;
        -: 6078:	else
        -: 6079:	  {
        -: 6080:	    ++__first1;
        -: 6081:	    ++__first2;
        -: 6082:	  }
        -: 6083:      return std::copy(__first1, __last1, __result);
        -: 6084:    }
        -: 6085:
        -: 6086:  /**
        -: 6087:   *  @brief  Return the symmetric difference of two sorted ranges.
        -: 6088:   *  @ingroup set_algorithms
        -: 6089:   *  @param  __first1  Start of first range.
        -: 6090:   *  @param  __last1   End of first range.
        -: 6091:   *  @param  __first2  Start of second range.
        -: 6092:   *  @param  __last2   End of second range.
        -: 6093:   *  @return  End of the output range.
        -: 6094:   *  @ingroup set_algorithms
        -: 6095:   *
        -: 6096:   *  This operation iterates over both ranges, copying elements present in
        -: 6097:   *  one range but not the other in order to the output range.  Iterators
        -: 6098:   *  increment for each range.  When the current element of one range is less
        -: 6099:   *  than the other, that element is copied and the iterator advances.  If an
        -: 6100:   *  element is contained in both ranges, no elements are copied and both
        -: 6101:   *  ranges advance.  The output range may not overlap either input range.
        -: 6102:  */
        -: 6103:  template<typename _InputIterator1, typename _InputIterator2,
        -: 6104:	   typename _OutputIterator>
        -: 6105:    _OutputIterator
        -: 6106:    set_symmetric_difference(_InputIterator1 __first1, _InputIterator1 __last1,
        -: 6107:			     _InputIterator2 __first2, _InputIterator2 __last2,
        -: 6108:			     _OutputIterator __result)
        -: 6109:    {
        -: 6110:      typedef typename iterator_traits<_InputIterator1>::value_type
        -: 6111:	_ValueType1;
        -: 6112:      typedef typename iterator_traits<_InputIterator2>::value_type
        -: 6113:	_ValueType2;
        -: 6114:
        -: 6115:      // concept requirements
        -: 6116:      __glibcxx_function_requires(_InputIteratorConcept<_InputIterator1>)
        -: 6117:      __glibcxx_function_requires(_InputIteratorConcept<_InputIterator2>)
        -: 6118:      __glibcxx_function_requires(_OutputIteratorConcept<_OutputIterator,
        -: 6119:				  _ValueType1>)
        -: 6120:      __glibcxx_function_requires(_OutputIteratorConcept<_OutputIterator,
        -: 6121:				  _ValueType2>)
        -: 6122:      __glibcxx_function_requires(_LessThanOpConcept<_ValueType1, _ValueType2>)
        -: 6123:      __glibcxx_function_requires(_LessThanOpConcept<_ValueType2, _ValueType1>)	
        -: 6124:      __glibcxx_requires_sorted_set(__first1, __last1, __first2);
        -: 6125:      __glibcxx_requires_sorted_set(__first2, __last2, __first1);
        -: 6126:
        -: 6127:      while (__first1 != __last1 && __first2 != __last2)
        -: 6128:	if (*__first1 < *__first2)
        -: 6129:	  {
        -: 6130:	    *__result = *__first1;
        -: 6131:	    ++__first1;
        -: 6132:	    ++__result;
        -: 6133:	  }
        -: 6134:	else if (*__first2 < *__first1)
        -: 6135:	  {
        -: 6136:	    *__result = *__first2;
        -: 6137:	    ++__first2;
        -: 6138:	    ++__result;
        -: 6139:	  }
        -: 6140:	else
        -: 6141:	  {
        -: 6142:	    ++__first1;
        -: 6143:	    ++__first2;
        -: 6144:	  }
        -: 6145:      return std::copy(__first2, __last2, std::copy(__first1,
        -: 6146:						    __last1, __result));
        -: 6147:    }
        -: 6148:
        -: 6149:  /**
        -: 6150:   *  @brief  Return the symmetric difference of two sorted ranges using
        -: 6151:   *  comparison functor.
        -: 6152:   *  @ingroup set_algorithms
        -: 6153:   *  @param  __first1  Start of first range.
        -: 6154:   *  @param  __last1   End of first range.
        -: 6155:   *  @param  __first2  Start of second range.
        -: 6156:   *  @param  __last2   End of second range.
        -: 6157:   *  @param  __comp    The comparison functor.
        -: 6158:   *  @return  End of the output range.
        -: 6159:   *  @ingroup set_algorithms
        -: 6160:   *
        -: 6161:   *  This operation iterates over both ranges, copying elements present in
        -: 6162:   *  one range but not the other in order to the output range.  Iterators
        -: 6163:   *  increment for each range.  When the current element of one range is less
        -: 6164:   *  than the other according to @p comp, that element is copied and the
        -: 6165:   *  iterator advances.  If an element is contained in both ranges according
        -: 6166:   *  to @p __comp, no elements are copied and both ranges advance.  The output
        -: 6167:   *  range may not overlap either input range.
        -: 6168:  */
        -: 6169:  template<typename _InputIterator1, typename _InputIterator2,
        -: 6170:	   typename _OutputIterator, typename _Compare>
        -: 6171:    _OutputIterator
        -: 6172:    set_symmetric_difference(_InputIterator1 __first1, _InputIterator1 __last1,
        -: 6173:			     _InputIterator2 __first2, _InputIterator2 __last2,
        -: 6174:			     _OutputIterator __result,
        -: 6175:			     _Compare __comp)
        -: 6176:    {
        -: 6177:      typedef typename iterator_traits<_InputIterator1>::value_type
        -: 6178:	_ValueType1;
        -: 6179:      typedef typename iterator_traits<_InputIterator2>::value_type
        -: 6180:	_ValueType2;
        -: 6181:
        -: 6182:      // concept requirements
        -: 6183:      __glibcxx_function_requires(_InputIteratorConcept<_InputIterator1>)
        -: 6184:      __glibcxx_function_requires(_InputIteratorConcept<_InputIterator2>)
        -: 6185:      __glibcxx_function_requires(_OutputIteratorConcept<_OutputIterator,
        -: 6186:				  _ValueType1>)
        -: 6187:      __glibcxx_function_requires(_OutputIteratorConcept<_OutputIterator,
        -: 6188:				  _ValueType2>)
        -: 6189:      __glibcxx_function_requires(_BinaryPredicateConcept<_Compare,
        -: 6190:				  _ValueType1, _ValueType2>)
        -: 6191:      __glibcxx_function_requires(_BinaryPredicateConcept<_Compare,
        -: 6192:				  _ValueType2, _ValueType1>)
        -: 6193:      __glibcxx_requires_sorted_set_pred(__first1, __last1, __first2, __comp);
        -: 6194:      __glibcxx_requires_sorted_set_pred(__first2, __last2, __first1, __comp);
        -: 6195:
        -: 6196:      while (__first1 != __last1 && __first2 != __last2)
        -: 6197:	if (__comp(*__first1, *__first2))
        -: 6198:	  {
        -: 6199:	    *__result = *__first1;
        -: 6200:	    ++__first1;
        -: 6201:	    ++__result;
        -: 6202:	  }
        -: 6203:	else if (__comp(*__first2, *__first1))
        -: 6204:	  {
        -: 6205:	    *__result = *__first2;
        -: 6206:	    ++__first2;
        -: 6207:	    ++__result;
        -: 6208:	  }
        -: 6209:	else
        -: 6210:	  {
        -: 6211:	    ++__first1;
        -: 6212:	    ++__first2;
        -: 6213:	  }
        -: 6214:      return std::copy(__first2, __last2, 
        -: 6215:		       std::copy(__first1, __last1, __result));
        -: 6216:    }
        -: 6217:
        -: 6218:
        -: 6219:  /**
        -: 6220:   *  @brief  Return the minimum element in a range.
        -: 6221:   *  @ingroup sorting_algorithms
        -: 6222:   *  @param  __first  Start of range.
        -: 6223:   *  @param  __last   End of range.
        -: 6224:   *  @return  Iterator referencing the first instance of the smallest value.
        -: 6225:  */
        -: 6226:  template<typename _ForwardIterator>
        -: 6227:    _ForwardIterator
        -: 6228:    min_element(_ForwardIterator __first, _ForwardIterator __last)
        -: 6229:    {
        -: 6230:      // concept requirements
        -: 6231:      __glibcxx_function_requires(_ForwardIteratorConcept<_ForwardIterator>)
        -: 6232:      __glibcxx_function_requires(_LessThanComparableConcept<
        -: 6233:	    typename iterator_traits<_ForwardIterator>::value_type>)
        -: 6234:      __glibcxx_requires_valid_range(__first, __last);
        -: 6235:
        -: 6236:      if (__first == __last)
        -: 6237:	return __first;
        -: 6238:      _ForwardIterator __result = __first;
        -: 6239:      while (++__first != __last)
        -: 6240:	if (*__first < *__result)
        -: 6241:	  __result = __first;
        -: 6242:      return __result;
        -: 6243:    }
        -: 6244:
        -: 6245:  /**
        -: 6246:   *  @brief  Return the minimum element in a range using comparison functor.
        -: 6247:   *  @ingroup sorting_algorithms
        -: 6248:   *  @param  __first  Start of range.
        -: 6249:   *  @param  __last   End of range.
        -: 6250:   *  @param  __comp   Comparison functor.
        -: 6251:   *  @return  Iterator referencing the first instance of the smallest value
        -: 6252:   *  according to __comp.
        -: 6253:  */
        -: 6254:  template<typename _ForwardIterator, typename _Compare>
        -: 6255:    _ForwardIterator
        -: 6256:    min_element(_ForwardIterator __first, _ForwardIterator __last,
        -: 6257:		_Compare __comp)
        -: 6258:    {
        -: 6259:      // concept requirements
        -: 6260:      __glibcxx_function_requires(_ForwardIteratorConcept<_ForwardIterator>)
        -: 6261:      __glibcxx_function_requires(_BinaryPredicateConcept<_Compare,
        -: 6262:	    typename iterator_traits<_ForwardIterator>::value_type,
        -: 6263:	    typename iterator_traits<_ForwardIterator>::value_type>)
        -: 6264:      __glibcxx_requires_valid_range(__first, __last);
        -: 6265:
        -: 6266:      if (__first == __last)
        -: 6267:	return __first;
        -: 6268:      _ForwardIterator __result = __first;
        -: 6269:      while (++__first != __last)
        -: 6270:	if (__comp(*__first, *__result))
        -: 6271:	  __result = __first;
        -: 6272:      return __result;
        -: 6273:    }
        -: 6274:
        -: 6275:  /**
        -: 6276:   *  @brief  Return the maximum element in a range.
        -: 6277:   *  @ingroup sorting_algorithms
        -: 6278:   *  @param  __first  Start of range.
        -: 6279:   *  @param  __last   End of range.
        -: 6280:   *  @return  Iterator referencing the first instance of the largest value.
        -: 6281:  */
        -: 6282:  template<typename _ForwardIterator>
        -: 6283:    _ForwardIterator
        -: 6284:    max_element(_ForwardIterator __first, _ForwardIterator __last)
        -: 6285:    {
        -: 6286:      // concept requirements
        -: 6287:      __glibcxx_function_requires(_ForwardIteratorConcept<_ForwardIterator>)
        -: 6288:      __glibcxx_function_requires(_LessThanComparableConcept<
        -: 6289:	    typename iterator_traits<_ForwardIterator>::value_type>)
        -: 6290:      __glibcxx_requires_valid_range(__first, __last);
        -: 6291:
        -: 6292:      if (__first == __last)
        -: 6293:	return __first;
        -: 6294:      _ForwardIterator __result = __first;
        -: 6295:      while (++__first != __last)
        -: 6296:	if (*__result < *__first)
        -: 6297:	  __result = __first;
        -: 6298:      return __result;
        -: 6299:    }
        -: 6300:
        -: 6301:  /**
        -: 6302:   *  @brief  Return the maximum element in a range using comparison functor.
        -: 6303:   *  @ingroup sorting_algorithms
        -: 6304:   *  @param  __first  Start of range.
        -: 6305:   *  @param  __last   End of range.
        -: 6306:   *  @param  __comp   Comparison functor.
        -: 6307:   *  @return  Iterator referencing the first instance of the largest value
        -: 6308:   *  according to __comp.
        -: 6309:  */
        -: 6310:  template<typename _ForwardIterator, typename _Compare>
        -: 6311:    _ForwardIterator
        -: 6312:    max_element(_ForwardIterator __first, _ForwardIterator __last,
        -: 6313:		_Compare __comp)
        -: 6314:    {
        -: 6315:      // concept requirements
        -: 6316:      __glibcxx_function_requires(_ForwardIteratorConcept<_ForwardIterator>)
        -: 6317:      __glibcxx_function_requires(_BinaryPredicateConcept<_Compare,
        -: 6318:	    typename iterator_traits<_ForwardIterator>::value_type,
        -: 6319:	    typename iterator_traits<_ForwardIterator>::value_type>)
        -: 6320:      __glibcxx_requires_valid_range(__first, __last);
        -: 6321:
        -: 6322:      if (__first == __last) return __first;
        -: 6323:      _ForwardIterator __result = __first;
        -: 6324:      while (++__first != __last)
        -: 6325:	if (__comp(*__result, *__first))
        -: 6326:	  __result = __first;
        -: 6327:      return __result;
        -: 6328:    }
        -: 6329:
        -: 6330:_GLIBCXX_END_NAMESPACE_ALGO
        -: 6331:} // namespace std
        -: 6332:
        -: 6333:#endif /* _STL_ALGO_H */
